<?xml version="1.0" encoding="UTF-8" ?>
<testsuite tests="20" failures="0" name="resources.CucumbRunnerTest" time="0.041" errors="0" skipped="16">
  <properties>
[...]
</properties>
  <testcase classname="Scenario: temperatura do ambiente � maior que 25 graus" name="Given existem 0 pessoas na sala" time="0.004">
    <skipped/>
  </testcase>
  <testcase classname="Scenario: temperatura do ambiente � maior que 25 graus" name="When a temperatura externa aumenta" time="0.004">
    <skipped/>
  </testcase>
  <testcase classname="Scenario: temperatura do ambiente � maior que 25 graus" name="Then o ar condicionado aumenta o frio" time="0.004">
    <skipped/>
  </testcase>
  <testcase classname="Scenario: temperatura do ambiente � maior que 25 graus" name="Scenario: temperatura do ambiente � maior que 25 graus" time="0.004">
    <skipped/>
  </testcase>
  <testcase classname="Scenario: temperatura do ambiente � maior que 25 graus" name="Scenario: temperatura do ambiente � maior que 25 graus" time="0.004"/>
  <testcase classname="Scenario: temperatura da ambiente � menor que 25 graus" name="Given existem 0 pessoas na sala" time="0">
    <skipped/>
  </testcase>
  <testcase classname="Scenario: temperatura da ambiente � menor que 25 graus" name="When 1 pessoa entra" time="0">
    <skipped/>
  </testcase>
  <testcase classname="Scenario: temperatura da ambiente � menor que 25 graus" name="Then o ar condicionado diminui o frio" time="0">
    <skipped/>
  </testcase>
  <testcase classname="Scenario: temperatura da ambiente � menor que 25 graus" name="Scenario: temperatura da ambiente � menor que 25 graus" time="0.001">
    <skipped/>
  </testcase>
  <testcase classname="Scenario: temperatura da ambiente � menor que 25 graus" name="Scenario: temperatura da ambiente � menor que 25 graus" time="0.001"/>
  <testcase classname="Scenario: saem 10 pessoas na sala" name="Given existem 0 pessoas na sala e a temperatura ambiente est� constante" time="0.001">
    <skipped/>
  </testcase>
  <testcase classname="Scenario: saem 10 pessoas na sala" name="When 5 pessoa saem" time="0.002">
    <skipped/>
  </testcase>
  <testcase classname="Scenario: saem 10 pessoas na sala" name="Then o ar condicionado diminui o frio" time="0.002">
    <skipped/>
  </testcase>
  <testcase classname="Scenario: saem 10 pessoas na sala" name="Scenario: saem 10 pessoas na sala" time="0.002">
    <skipped/>
  </testcase>
  <testcase classname="Scenario: saem 10 pessoas na sala" name="Scenario: saem 10 pessoas na sala" time="0.002"/>
  <testcase classname="Scenario: entram 10 pessoas da sala" name="Given existem 0 pessoas na sala e a temperatura ambiente est� constante" time="0.001">
    <skipped/>
  </testcase>
  <testcase classname="Scenario: entram 10 pessoas da sala" name="When 10 pessoa entram" time="0.001">
    <skipped/>
  </testcase>
  <testcase classname="Scenario: entram 10 pessoas da sala" name="Then o ar condicionado aumenta o frio" time="0.001">
    <skipped/>
  </testcase>
  <testcase classname="Scenario: entram 10 pessoas da sala" name="Scenario: entram 10 pessoas da sala" time="0.003">
    <skipped/>
  </testcase>
  <testcase classname="Scenario: entram 10 pessoas da sala" name="Scenario: entram 10 pessoas da sala" time="0.004"/>
</testsuite>